# JRE version: Java(TM) SE Runtime Environment (17.0.9+11) (build 17.0.9+11-LTS-201)
# Java VM: Java HotSpot(TM) 64-Bit Server VM (17.0.9+11-LTS-201, mixed mode, emulated-client, sharing, tiered, compressed oops, compressed class ptrs, g1 gc, windows-amd64)
GC Precious Log:
 CPUs: 12 total, 12 available
 Memory: 14188M
 Large Page Support: Disabled
 NUMA Support: Disabled
 Compressed Oops: Enabled (Zero based)
 Heap Region Size: 2M
 Heap Min Capacity: 8M
 Heap Initial Capacity: 222M
 Heap Max Capacity: 3548M
 Pre-touch: Disabled
 Parallel Workers: 10
 Concurrent Workers: 3
 Concurrent Refinement Workers: 10
 Periodic GC: Disabled
Heap:
 garbage-first heap   total 96256K, used 29541K [0x0000000722400000, 0x0000000800000000)
  region size 2048K, 2 young (4096K), 1 survivors (2048K)
 Metaspace       used 46188K, committed 46656K, reserved 1114112K
  class space    used 6701K, committed 6912K, reserved 1048576K
GC Heap History (20 events):
Event: 1.495 GC heap before
{Heap before GC invocations=1 (full 0):
 garbage-first heap   total 227328K, used 25615K [0x0000000722400000, 0x0000000800000000)
  region size 2048K, 10 young (20480K), 2 survivors (4096K)
 Metaspace       used 8397K, committed 8640K, reserved 1114112K
  class space    used 1083K, committed 1216K, reserved 1048576K
}
Event: 1.500 GC heap after
{Heap after GC invocations=2 (full 0):
 garbage-first heap   total 227328K, used 10993K [0x0000000722400000, 0x0000000800000000)
  region size 2048K, 1 young (2048K), 1 survivors (2048K)
 Metaspace       used 8397K, committed 8640K, reserved 1114112K
  class space    used 1083K, committed 1216K, reserved 1048576K
}
Event: 2.282 GC heap before
{Heap before GC invocations=2 (full 0):
 garbage-first heap   total 227328K, used 54001K [0x0000000722400000, 0x0000000800000000)
  region size 2048K, 22 young (45056K), 1 survivors (2048K)
 Metaspace       used 16176K, committed 16576K, reserved 1114112K
  class space    used 2360K, committed 2560K, reserved 1048576K
}
Event: 2.286 GC heap after
{Heap after GC invocations=3 (full 0):
 garbage-first heap   total 227328K, used 13611K [0x0000000722400000, 0x0000000800000000)
  region size 2048K, 3 young (6144K), 3 survivors (6144K)
 Metaspace       used 16176K, committed 16576K, reserved 1114112K
  class space    used 2360K, committed 2560K, reserved 1048576K
}
Event: 2.622 GC heap before
{Heap before GC invocations=3 (full 0):
 garbage-first heap   total 227328K, used 44331K [0x0000000722400000, 0x0000000800000000)
  region size 2048K, 19 young (38912K), 3 survivors (6144K)
 Metaspace       used 21156K, committed 21504K, reserved 1114112K
  class space    used 2970K, committed 3136K, reserved 1048576K
}
Event: 2.627 GC heap after
{Heap after GC invocations=4 (full 0):
 garbage-first heap   total 227328K, used 15581K [0x0000000722400000, 0x0000000800000000)
  region size 2048K, 4 young (8192K), 4 survivors (8192K)
 Metaspace       used 21156K, committed 21504K, reserved 1114112K
  class space    used 2970K, committed 3136K, reserved 1048576K
}
Event: 3.062 GC heap before
{Heap before GC invocations=5 (full 0):
 garbage-first heap   total 75776K, used 52445K [0x0000000722400000, 0x0000000800000000)
  region size 2048K, 22 young (45056K), 4 survivors (8192K)
 Metaspace       used 24120K, committed 24512K, reserved 1114112K
  class space    used 3388K, committed 3584K, reserved 1048576K
}
Event: 3.068 GC heap after
{Heap after GC invocations=6 (full 0):
 garbage-first heap   total 75776K, used 18620K [0x0000000722400000, 0x0000000800000000)
  region size 2048K, 3 young (6144K), 3 survivors (6144K)
 Metaspace       used 24120K, committed 24512K, reserved 1114112K
  class space    used 3388K, committed 3584K, reserved 1048576K
}
Event: 3.085 GC heap before
{Heap before GC invocations=6 (full 0):
 garbage-first heap   total 75776K, used 20668K [0x0000000722400000, 0x0000000800000000)
  region size 2048K, 4 young (8192K), 3 survivors (6144K)
 Metaspace       used 24134K, committed 24512K, reserved 1114112K
  class space    used 3393K, committed 3584K, reserved 1048576K
}
Event: 3.088 GC heap after
{Heap after GC invocations=7 (full 0):
 garbage-first heap   total 75776K, used 19180K [0x0000000722400000, 0x0000000800000000)
  region size 2048K, 1 young (2048K), 1 survivors (2048K)
 Metaspace       used 24134K, committed 24512K, reserved 1114112K
  class space    used 3393K, committed 3584K, reserved 1048576K
}
Event: 3.515 GC heap before
{Heap before GC invocations=7 (full 0):
 garbage-first heap   total 75776K, used 49900K [0x0000000722400000, 0x0000000800000000)
  region size 2048K, 16 young (32768K), 1 survivors (2048K)
 Metaspace       used 27311K, committed 27776K, reserved 1114112K
  class space    used 3842K, committed 4032K, reserved 1048576K
}
Event: 3.517 GC heap after
{Heap after GC invocations=8 (full 0):
 garbage-first heap   total 118784K, used 20211K [0x0000000722400000, 0x0000000800000000)
  region size 2048K, 1 young (2048K), 1 survivors (2048K)
 Metaspace       used 27311K, committed 27776K, reserved 1114112K
  class space    used 3842K, committed 4032K, reserved 1048576K
}
Event: 4.467 GC heap before
{Heap before GC invocations=8 (full 0):
 garbage-first heap   total 118784K, used 87795K [0x0000000722400000, 0x0000000800000000)
  region size 2048K, 34 young (69632K), 1 survivors (2048K)
 Metaspace       used 34868K, committed 35328K, reserved 1114112K
  class space    used 4894K, committed 5120K, reserved 1048576K
}
Event: 4.472 GC heap after
{Heap after GC invocations=9 (full 0):
 garbage-first heap   total 118784K, used 24746K [0x0000000722400000, 0x0000000800000000)
  region size 2048K, 4 young (8192K), 4 survivors (8192K)
 Metaspace       used 34868K, committed 35328K, reserved 1114112K
  class space    used 4894K, committed 5120K, reserved 1048576K
}
Event: 4.585 GC heap before
{Heap before GC invocations=9 (full 0):
 garbage-first heap   total 118784K, used 30890K [0x0000000722400000, 0x0000000800000000)
  region size 2048K, 8 young (16384K), 4 survivors (8192K)
 Metaspace       used 35478K, committed 35968K, reserved 1114112K
  class space    used 4986K, committed 5248K, reserved 1048576K
}
Event: 4.588 GC heap after
{Heap after GC invocations=10 (full 0):
 garbage-first heap   total 118784K, used 25768K [0x0000000722400000, 0x0000000800000000)
  region size 2048K, 3 young (6144K), 3 survivors (6144K)
 Metaspace       used 35478K, committed 35968K, reserved 1114112K
  class space    used 4986K, committed 5248K, reserved 1048576K
}
Event: 5.354 GC heap before
{Heap before GC invocations=11 (full 0):
 garbage-first heap   total 96256K, used 76968K [0x0000000722400000, 0x0000000800000000)
  region size 2048K, 28 young (57344K), 3 survivors (6144K)
 Metaspace       used 45221K, committed 45760K, reserved 1114112K
  class space    used 6620K, committed 6848K, reserved 1048576K
}
Event: 5.358 GC heap after
{Heap after GC invocations=12 (full 0):
 garbage-first heap   total 96256K, used 29067K [0x0000000722400000, 0x0000000800000000)
  region size 2048K, 3 young (6144K), 3 survivors (6144K)
 Metaspace       used 45221K, committed 45760K, reserved 1114112K
  class space    used 6620K, committed 6848K, reserved 1048576K
}
Event: 5.392 GC heap before
{Heap before GC invocations=12 (full 0):
 garbage-first heap   total 96256K, used 31115K [0x0000000722400000, 0x0000000800000000)
  region size 2048K, 4 young (8192K), 3 survivors (6144K)
 Metaspace       used 45876K, committed 46400K, reserved 1114112K
  class space    used 6673K, committed 6912K, reserved 1048576K
}
Event: 5.395 GC heap after
{Heap after GC invocations=13 (full 0):
 garbage-first heap   total 96256K, used 29541K [0x0000000722400000, 0x0000000800000000)
  region size 2048K, 1 young (2048K), 1 survivors (2048K)
 Metaspace       used 45876K, committed 46400K, reserved 1114112K
  class space    used 6673K, committed 6912K, reserved 1048576K
}

